INFO  2019-04-22 15:50:52 [main] ru.geekbrains.krok.workers.database.WorkersDB (WorkersDB.java:22) - Подключение создано успешно!
INFO  2019-04-22 15:50:52 [main] ru.geekbrains.krok.workers.database.WorkersDB (WorkersDB.java:130) - Результат успешно выведен!
INFO  2019-04-22 15:50:52 [main] ru.geekbrains.krok.workers.database.WorkersDB (WorkersDB.java:145) - Подключение разорвано успешно!
INFO  2019-04-22 16:01:47 [main] ru.geekbrains.krok.workers.database.WorkersDB (WorkersDB.java:24) - Подключение создано успешно!
INFO  2019-04-22 16:01:47 [main] ru.geekbrains.krok.workers.database.WorkersDB (WorkersDB.java:87) - Результат успешно выведен!
INFO  2019-04-22 16:01:47 [main] ru.geekbrains.krok.workers.database.WorkersDB (WorkersDB.java:136) - Результат успешно выведен!
INFO  2019-04-22 16:01:47 [main] ru.geekbrains.krok.workers.database.WorkersDB (WorkersDB.java:151) - Подключение разорвано успешно!
INFO  2019-04-22 16:02:55 [main] ru.geekbrains.krok.workers.database.WorkersDB (WorkersDB.java:24) - Подключение создано успешно!
INFO  2019-04-22 16:02:55 [main] ru.geekbrains.krok.workers.database.WorkersDB (WorkersDB.java:87) - Результат успешно выведен!
INFO  2019-04-22 16:02:55 [main] ru.geekbrains.krok.workers.database.WorkersDB (WorkersDB.java:136) - Результат успешно выведен!
INFO  2019-04-22 16:02:55 [main] ru.geekbrains.krok.workers.database.WorkersDB (WorkersDB.java:151) - Подключение разорвано успешно!
INFO  2019-04-22 16:07:26 [main] ru.geekbrains.krok.workers.database.WorkersDB (WorkersDB.java:24) - Подключение создано успешно!
INFO  2019-04-22 16:07:26 [main] ru.geekbrains.krok.workers.database.WorkersDB (WorkersDB.java:87) - Результат успешно выведен!
INFO  2019-04-22 16:07:26 [main] ru.geekbrains.krok.workers.database.WorkersDB (WorkersDB.java:136) - Результат успешно выведен!
INFO  2019-04-22 16:07:26 [main] ru.geekbrains.krok.workers.database.WorkersDB (WorkersDB.java:151) - Подключение разорвано успешно!
INFO  2019-04-22 16:07:50 [main] ru.geekbrains.krok.workers.database.WorkersDB (WorkersDB.java:24) - Подключение создано успешно!
INFO  2019-04-22 16:07:50 [main] ru.geekbrains.krok.workers.database.WorkersDB (WorkersDB.java:87) - Результат успешно выведен!
INFO  2019-04-22 16:07:50 [main] ru.geekbrains.krok.workers.database.WorkersDB (WorkersDB.java:136) - Результат успешно выведен!
INFO  2019-04-22 16:07:50 [main] ru.geekbrains.krok.workers.database.WorkersDB (WorkersDB.java:151) - Подключение разорвано успешно!
INFO  2019-04-22 16:33:52 [main] ru.geekbrains.krok.workers.database.WorkersDB (WorkersDB.java:23) - Подключение создано успешно!
INFO  2019-04-22 16:34:30 [main] ru.geekbrains.krok.workers.database.WorkersDB (WorkersDB.java:23) - Подключение создано успешно!
INFO  2019-04-22 16:34:46 [main] ru.geekbrains.krok.workers.database.WorkersDB (WorkersDB.java:83) - Результат успешно выведен!
INFO  2019-04-22 16:34:51 [main] ru.geekbrains.krok.workers.database.WorkersDB (WorkersDB.java:147) - Подключение разорвано успешно!
INFO  2019-04-22 17:44:54 [main] ru.geekbrains.krok.workers.database.WorkersDB (WorkersDB.java:23) - Подключение создано успешно!
INFO  2019-04-22 17:55:31 [main] ru.geekbrains.krok.workers.database.WorkersDB (WorkersDB.java:23) - Подключение создано успешно!
INFO  2019-04-22 17:56:16 [main] ru.geekbrains.krok.workers.database.WorkersDB (WorkersDB.java:23) - Подключение создано успешно!
INFO  2019-04-22 18:20:00 [main] ru.geekbrains.krok.workers.database.WorkersDB (WorkersDB.java:22) - Подключение создано успешно!
INFO  2019-04-22 18:20:15 [main] ru.geekbrains.krok.workers.database.WorkersDB (WorkersDB.java:92) - getGetAvgSalaryForAll успешно выполнен!
INFO  2019-04-22 18:20:21 [main] ru.geekbrains.krok.workers.database.WorkersDB (WorkersDB.java:75) - getEmployeeInfo успешно выполнен!
INFO  2019-04-22 18:51:51 [main] ru.geekbrains.krok.workers.database.WorkersDB (WorkersDB.java:25) - Подключение создано успешно!
INFO  2019-04-22 18:51:55 [main] ru.geekbrains.krok.workers.database.WorkersDB (WorkersDB.java:94) - getEmployeeInfo успешно выполнен!
INFO  2019-04-22 18:52:09 [main] ru.geekbrains.krok.workers.database.WorkersDB (WorkersDB.java:25) - Подключение создано успешно!
INFO  2019-04-22 18:52:11 [main] ru.geekbrains.krok.workers.database.WorkersDB (WorkersDB.java:94) - getEmployeeInfo успешно выполнен!
INFO  2019-04-22 18:53:38 [main] ru.geekbrains.krok.workers.database.WorkersDB (WorkersDB.java:25) - Подключение создано успешно!
INFO  2019-04-22 18:54:02 [main] ru.geekbrains.krok.workers.database.WorkersDB (WorkersDB.java:94) - getEmployeeInfo успешно выполнен!
INFO  2019-04-23 00:02:13 [main] ru.geekbrains.krok.workers.database.WorkersDB (WorkersDB.java:28) - Подключение создано успешно!
INFO  2019-04-23 00:02:17 [main] ru.geekbrains.krok.workers.database.WorkersDB (WorkersDB.java:98) - getEmployeeInfo успешно выполнен!
INFO  2019-04-23 00:02:20 [main] ru.geekbrains.krok.workers.database.WorkersDB (WorkersDB.java:98) - getEmployeeInfo успешно выполнен!
INFO  2019-04-23 00:02:25 [main] ru.geekbrains.krok.workers.database.WorkersDB (WorkersDB.java:98) - getEmployeeInfo успешно выполнен!
INFO  2019-04-23 00:02:31 [main] ru.geekbrains.krok.workers.database.WorkersDB (WorkersDB.java:98) - getEmployeeInfo успешно выполнен!
INFO  2019-04-23 00:03:39 [main] ru.geekbrains.krok.workers.database.WorkersDB (WorkersDB.java:28) - Подключение создано успешно!
INFO  2019-04-23 00:03:42 [main] ru.geekbrains.krok.workers.database.WorkersDB (WorkersDB.java:98) - getEmployeeInfo успешно выполнен!
INFO  2019-04-23 00:04:16 [main] ru.geekbrains.krok.workers.database.WorkersDB (WorkersDB.java:28) - Подключение создано успешно!
INFO  2019-04-23 00:04:18 [main] ru.geekbrains.krok.workers.database.WorkersDB (WorkersDB.java:98) - getEmployeeInfo успешно выполнен!
INFO  2019-04-23 00:04:30 [main] ru.geekbrains.krok.workers.database.WorkersDB (WorkersDB.java:98) - getEmployeeInfo успешно выполнен!
INFO  2019-04-23 00:04:35 [main] ru.geekbrains.krok.workers.database.WorkersDB (WorkersDB.java:98) - getEmployeeInfo успешно выполнен!
INFO  2019-04-23 00:10:34 [main] ru.geekbrains.krok.workers.database.WorkersDB (WorkersDB.java:28) - Подключение создано успешно!
INFO  2019-04-23 00:10:39 [main] ru.geekbrains.krok.workers.database.WorkersDB (WorkersDB.java:101) - getEmployeeInfo успешно выполнен!
INFO  2019-04-23 00:10:46 [main] ru.geekbrains.krok.workers.database.WorkersDB (WorkersDB.java:177) - Подключение разорвано успешно!
INFO  2019-04-23 00:12:56 [main] ru.geekbrains.krok.workers.database.WorkersDB (WorkersDB.java:28) - Подключение создано успешно!
INFO  2019-04-23 00:12:58 [main] ru.geekbrains.krok.workers.database.WorkersDB (WorkersDB.java:101) - getEmployeeInfo успешно выполнен!
INFO  2019-04-23 00:13:02 [main] ru.geekbrains.krok.workers.database.WorkersDB (WorkersDB.java:101) - getEmployeeInfo успешно выполнен!
INFO  2019-04-23 00:15:50 [main] ru.geekbrains.krok.workers.database.WorkersDB (WorkersDB.java:28) - Подключение создано успешно!
INFO  2019-04-23 00:15:53 [main] ru.geekbrains.krok.workers.database.WorkersDB (WorkersDB.java:103) - getEmployeeInfo успешно выполнен!
INFO  2019-04-23 00:17:43 [main] ru.geekbrains.krok.workers.database.WorkersDB (WorkersDB.java:28) - Подключение создано успешно!
INFO  2019-04-23 00:17:46 [main] ru.geekbrains.krok.workers.database.WorkersDB (WorkersDB.java:104) - getEmployeeInfo успешно выполнен!
INFO  2019-04-23 00:17:46 [main] ru.geekbrains.krok.workers.database.WorkersDB (WorkersDB.java:104) - getEmployeeInfo успешно выполнен!
INFO  2019-04-23 00:18:36 [main] ru.geekbrains.krok.workers.database.WorkersDB (WorkersDB.java:28) - Подключение создано успешно!
INFO  2019-04-23 00:18:37 [main] ru.geekbrains.krok.workers.database.WorkersDB (WorkersDB.java:103) - getEmployeeInfo успешно выполнен!
INFO  2019-04-23 00:19:05 [main] ru.geekbrains.krok.workers.database.WorkersDB (WorkersDB.java:28) - Подключение создано успешно!
INFO  2019-04-23 00:19:16 [main] ru.geekbrains.krok.workers.database.WorkersDB (WorkersDB.java:103) - getEmployeeInfo успешно выполнен!
INFO  2019-04-23 00:19:19 [main] ru.geekbrains.krok.workers.database.WorkersDB (WorkersDB.java:103) - getEmployeeInfo успешно выполнен!
INFO  2019-04-23 00:19:31 [main] ru.geekbrains.krok.workers.database.WorkersDB (WorkersDB.java:103) - getEmployeeInfo успешно выполнен!
INFO  2019-04-23 00:19:39 [main] ru.geekbrains.krok.workers.database.WorkersDB (WorkersDB.java:103) - getEmployeeInfo успешно выполнен!
INFO  2019-04-23 00:19:49 [main] ru.geekbrains.krok.workers.database.WorkersDB (WorkersDB.java:103) - getEmployeeInfo успешно выполнен!
INFO  2019-04-23 00:20:00 [main] ru.geekbrains.krok.workers.database.WorkersDB (WorkersDB.java:103) - getEmployeeInfo успешно выполнен!
INFO  2019-04-23 00:20:13 [main] ru.geekbrains.krok.workers.database.WorkersDB (WorkersDB.java:103) - getEmployeeInfo успешно выполнен!
INFO  2019-04-23 00:20:18 [main] ru.geekbrains.krok.workers.database.WorkersDB (WorkersDB.java:103) - getEmployeeInfo успешно выполнен!
INFO  2019-04-23 00:20:22 [main] ru.geekbrains.krok.workers.database.WorkersDB (WorkersDB.java:103) - getEmployeeInfo успешно выполнен!
INFO  2019-04-23 00:20:23 [main] ru.geekbrains.krok.workers.database.WorkersDB (WorkersDB.java:103) - getEmployeeInfo успешно выполнен!
INFO  2019-04-23 00:20:24 [main] ru.geekbrains.krok.workers.database.WorkersDB (WorkersDB.java:103) - getEmployeeInfo успешно выполнен!
INFO  2019-04-23 00:20:25 [main] ru.geekbrains.krok.workers.database.WorkersDB (WorkersDB.java:103) - getEmployeeInfo успешно выполнен!
INFO  2019-04-23 00:20:43 [main] ru.geekbrains.krok.workers.database.WorkersDB (WorkersDB.java:103) - getEmployeeInfo успешно выполнен!
INFO  2019-04-23 00:22:27 [main] ru.geekbrains.krok.workers.database.WorkersDB (WorkersDB.java:28) - Подключение создано успешно!
INFO  2019-04-23 00:22:31 [main] ru.geekbrains.krok.workers.database.WorkersDB (WorkersDB.java:103) - getEmployeeInfo успешно выполнен!
INFO  2019-04-23 00:22:33 [main] ru.geekbrains.krok.workers.database.WorkersDB (WorkersDB.java:103) - getEmployeeInfo успешно выполнен!
INFO  2019-04-23 00:23:10 [main] ru.geekbrains.krok.workers.database.WorkersDB (WorkersDB.java:28) - Подключение создано успешно!
INFO  2019-04-23 00:23:13 [main] ru.geekbrains.krok.workers.database.WorkersDB (WorkersDB.java:103) - getEmployeeInfo успешно выполнен!
INFO  2019-04-23 00:23:14 [main] ru.geekbrains.krok.workers.database.WorkersDB (WorkersDB.java:103) - getEmployeeInfo успешно выполнен!
INFO  2019-04-23 00:23:16 [main] ru.geekbrains.krok.workers.database.WorkersDB (WorkersDB.java:103) - getEmployeeInfo успешно выполнен!
INFO  2019-04-23 00:23:17 [main] ru.geekbrains.krok.workers.database.WorkersDB (WorkersDB.java:103) - getEmployeeInfo успешно выполнен!
INFO  2019-04-23 19:00:36 [main] ru.geekbrains.krok.workers.database.WorkersDB (WorkersDB.java:28) - Подключение создано успешно!
INFO  2019-04-23 19:00:39 [main] ru.geekbrains.krok.workers.database.WorkersDB (WorkersDB.java:104) - getEmployeeInfo успешно выполнен!
INFO  2019-04-26 10:19:52 [main] ru.geekbrains.krok.workers.database.WorkersDB (WorkersDB.java:29) - Подключение создано успешно!
INFO  2019-04-26 10:19:58 [main] ru.geekbrains.krok.workers.database.WorkersDB (WorkersDB.java:114) - getEmployeeInfo успешно выполнен!
INFO  2019-04-26 10:20:00 [main] ru.geekbrains.krok.workers.database.WorkersDB (WorkersDB.java:114) - getEmployeeInfo успешно выполнен!
INFO  2019-04-26 10:20:41 [main] ru.geekbrains.krok.workers.database.WorkersDB (WorkersDB.java:136) - getGetAvgSalaryForAll успешно выполнен!
INFO  2019-04-26 10:20:44 [main] ru.geekbrains.krok.workers.database.WorkersDB (WorkersDB.java:136) - getGetAvgSalaryForAll успешно выполнен!
INFO  2019-04-26 10:21:57 [main] ru.geekbrains.krok.workers.database.WorkersDB (WorkersDB.java:155) - getGetAvgSalaryForPosition успешно выполнен!
INFO  2019-04-26 10:25:04 [main] ru.geekbrains.krok.workers.database.WorkersDB (WorkersDB.java:29) - Подключение создано успешно!
INFO  2019-04-26 10:25:07 [main] ru.geekbrains.krok.workers.database.WorkersDB (WorkersDB.java:114) - getEmployeeInfo успешно выполнен!
INFO  2019-04-26 10:25:14 [main] ru.geekbrains.krok.workers.database.WorkersDB (WorkersDB.java:136) - getGetAvgSalaryForAll успешно выполнен!
INFO  2019-04-26 10:25:25 [main] ru.geekbrains.krok.workers.database.WorkersDB (WorkersDB.java:136) - getGetAvgSalaryForAll успешно выполнен!
INFO  2019-04-26 10:26:23 [main] ru.geekbrains.krok.workers.database.WorkersDB (WorkersDB.java:29) - Подключение создано успешно!
INFO  2019-04-26 10:26:27 [main] ru.geekbrains.krok.workers.database.WorkersDB (WorkersDB.java:136) - getGetAvgSalaryForAll успешно выполнен!
INFO  2019-04-26 10:50:36 [main] ru.geekbrains.krok.workers.database.WorkersDB (WorkersDB.java:30) - Подключение создано успешно!
INFO  2019-04-26 10:50:38 [main] ru.geekbrains.krok.workers.database.WorkersDB (WorkersDB.java:118) - getEmployeeInfo успешно выполнен!
INFO  2019-04-26 10:51:02 [main] ru.geekbrains.krok.workers.database.WorkersDB (WorkersDB.java:118) - getEmployeeInfo успешно выполнен!
INFO  2019-04-26 10:51:12 [main] ru.geekbrains.krok.workers.database.WorkersDB (WorkersDB.java:30) - Подключение создано успешно!
INFO  2019-04-26 10:51:14 [main] ru.geekbrains.krok.workers.database.WorkersDB (WorkersDB.java:118) - getEmployeeInfo успешно выполнен!
INFO  2019-04-26 10:58:00 [main] ru.geekbrains.krok.workers.database.WorkersDB (WorkersDB.java:30) - Подключение создано успешно!
INFO  2019-04-26 10:58:03 [main] ru.geekbrains.krok.workers.database.WorkersDB (WorkersDB.java:107) - getEmployeeInfo успешно выполнен!
INFO  2019-04-26 10:58:09 [main] ru.geekbrains.krok.workers.database.WorkersDB (WorkersDB.java:185) - ResultSet успешно закрыт!
INFO  2019-04-26 10:58:09 [main] ru.geekbrains.krok.workers.database.WorkersDB (WorkersDB.java:194) - PrepareStatement успешно закрыт!
INFO  2019-04-26 10:58:09 [main] ru.geekbrains.krok.workers.database.WorkersDB (WorkersDB.java:203) - Подключение закрыто успешно!
INFO  2019-04-26 10:58:22 [main] ru.geekbrains.krok.workers.database.WorkersDB (WorkersDB.java:30) - Подключение создано успешно!
INFO  2019-04-26 10:58:24 [main] ru.geekbrains.krok.workers.database.WorkersDB (WorkersDB.java:107) - getEmployeeInfo успешно выполнен!
INFO  2019-04-26 10:58:25 [main] ru.geekbrains.krok.workers.database.WorkersDB (WorkersDB.java:107) - getEmployeeInfo успешно выполнен!
INFO  2019-04-26 11:21:11 [main] ru.geekbrains.krok.workers.database.WorkersDB (WorkersDB.java:30) - Подключение создано успешно!
INFO  2019-04-26 11:21:42 [main] ru.geekbrains.krok.workers.database.WorkersDB (WorkersDB.java:30) - Подключение создано успешно!
INFO  2019-04-26 11:22:56 [main] ru.geekbrains.krok.workers.database.WorkersDB (WorkersDB.java:50) - addEmployee успешно выполнен!
INFO  2019-04-26 11:25:13 [main] ru.geekbrains.krok.workers.database.WorkersDB (WorkersDB.java:142) - getGetAvgSalaryForAll успешно выполнен!
INFO  2019-04-26 11:26:01 [main] ru.geekbrains.krok.workers.database.WorkersDB (WorkersDB.java:164) - getGetAvgSalaryForPosition успешно выполнен!
INFO  2019-04-26 11:26:14 [main] ru.geekbrains.krok.workers.database.WorkersDB (WorkersDB.java:120) - getEmployeeInfo успешно выполнен!
INFO  2019-04-26 11:28:05 [main] ru.geekbrains.krok.workers.database.WorkersDB (WorkersDB.java:30) - Подключение создано успешно!
INFO  2019-04-26 11:29:25 [main] ru.geekbrains.krok.workers.database.WorkersDB (WorkersDB.java:30) - Подключение создано успешно!
INFO  2019-04-26 11:41:08 [main] ru.geekbrains.krok.workers.database.WorkersDB (WorkersDB.java:30) - Подключение создано успешно!
INFO  2019-04-26 11:41:30 [main] ru.geekbrains.krok.workers.database.WorkersDB (WorkersDB.java:121) - getEmployeeInfo успешно выполнен!
INFO  2019-04-26 11:41:30 [main] ru.geekbrains.krok.workers.database.WorkersDB (WorkersDB.java:96) - addToJsonFromDataBase успешно выполнен!
INFO  2019-04-26 11:44:26 [main] ru.geekbrains.krok.workers.database.WorkersDB (WorkersDB.java:30) - Подключение создано успешно!
INFO  2019-04-26 11:44:30 [main] ru.geekbrains.krok.workers.database.WorkersDB (WorkersDB.java:124) - getEmployeeInfo успешно выполнен!
INFO  2019-04-26 11:44:30 [main] ru.geekbrains.krok.workers.database.WorkersDB (WorkersDB.java:96) - addToJsonFromDataBase успешно выполнен!
ERROR 2019-04-26 11:44:30 [main] ru.geekbrains.krok.workers.database.WorkersDB (WorkersDB.java:101) - addToJsonFromDataBase завершился с ошибкой! com.fasterxml.jackson.databind.exc.MismatchedInputException: Cannot deserialize instance of `ru.geekbrains.krok.workers.workersEntities.Workers` out of START_ARRAY token
 at [Source: (File); line: 1, column: 1]
INFO  2019-04-26 12:02:59 [main] ru.geekbrains.krok.workers.database.WorkersDB (WorkersDB.java:30) - Подключение создано успешно!
INFO  2019-04-26 12:03:01 [main] ru.geekbrains.krok.workers.database.WorkersDB (WorkersDB.java:123) - getEmployeeInfo успешно выполнен!
ERROR 2019-04-26 12:03:01 [main] ru.geekbrains.krok.workers.database.WorkersDB (WorkersDB.java:100) - addToJsonFromDataBase завершился с ошибкой! com.fasterxml.jackson.databind.exc.MismatchedInputException: Cannot deserialize instance of `ru.geekbrains.krok.workers.workersEntities.Workers` out of START_ARRAY token
 at [Source: (File); line: 1, column: 1]
INFO  2019-04-26 12:07:15 [main] ru.geekbrains.krok.workers.database.WorkersDB (WorkersDB.java:30) - Подключение создано успешно!
INFO  2019-04-26 12:07:30 [main] ru.geekbrains.krok.workers.database.WorkersDB (WorkersDB.java:123) - getEmployeeInfo успешно выполнен!
ERROR 2019-04-26 12:07:30 [main] ru.geekbrains.krok.workers.database.WorkersDB (WorkersDB.java:100) - addToJsonFromDataBase завершился с ошибкой! com.fasterxml.jackson.databind.exc.MismatchedInputException: Cannot deserialize instance of `ru.geekbrains.krok.workers.workersEntities.Workers` out of START_ARRAY token
 at [Source: (File); line: 1, column: 1]
INFO  2019-04-26 12:08:43 [main] ru.geekbrains.krok.workers.database.WorkersDB (WorkersDB.java:30) - Подключение создано успешно!
INFO  2019-04-26 12:08:47 [main] ru.geekbrains.krok.workers.database.WorkersDB (WorkersDB.java:123) - getEmployeeInfo успешно выполнен!
ERROR 2019-04-26 12:08:47 [main] ru.geekbrains.krok.workers.database.WorkersDB (WorkersDB.java:100) - addToJsonFromDataBase завершился с ошибкой! com.fasterxml.jackson.databind.exc.MismatchedInputException: Cannot deserialize instance of `ru.geekbrains.krok.workers.workersEntities.Workers` out of START_ARRAY token
 at [Source: (File); line: 1, column: 1]
INFO  2019-04-26 12:10:28 [main] ru.geekbrains.krok.workers.database.WorkersDB (WorkersDB.java:30) - Подключение создано успешно!
INFO  2019-04-26 12:10:30 [main] ru.geekbrains.krok.workers.database.WorkersDB (WorkersDB.java:123) - getEmployeeInfo успешно выполнен!
ERROR 2019-04-26 12:10:30 [main] ru.geekbrains.krok.workers.database.WorkersDB (WorkersDB.java:100) - addToJsonFromDataBase завершился с ошибкой! com.fasterxml.jackson.databind.exc.MismatchedInputException: Cannot deserialize instance of `ru.geekbrains.krok.workers.workersEntities.Workers` out of START_ARRAY token
 at [Source: (File); line: 1, column: 1]
INFO  2019-04-26 12:13:40 [main] ru.geekbrains.krok.workers.database.WorkersDB (WorkersDB.java:30) - Подключение создано успешно!
INFO  2019-04-26 12:13:45 [main] ru.geekbrains.krok.workers.database.WorkersDB (WorkersDB.java:123) - getEmployeeInfo успешно выполнен!
INFO  2019-04-26 12:13:45 [main] ru.geekbrains.krok.workers.database.WorkersDB (WorkersDB.java:98) - addToJsonFromDataBase успешно выполнен!
INFO  2019-04-26 12:14:19 [main] ru.geekbrains.krok.workers.database.WorkersDB (WorkersDB.java:30) - Подключение создано успешно!
INFO  2019-04-26 12:14:23 [main] ru.geekbrains.krok.workers.database.WorkersDB (WorkersDB.java:123) - getEmployeeInfo успешно выполнен!
INFO  2019-04-26 12:14:23 [main] ru.geekbrains.krok.workers.database.WorkersDB (WorkersDB.java:98) - addToJsonFromDataBase успешно выполнен!
INFO  2019-04-26 12:15:47 [main] ru.geekbrains.krok.workers.database.WorkersDB (WorkersDB.java:30) - Подключение создано успешно!
INFO  2019-04-26 12:15:48 [main] ru.geekbrains.krok.workers.database.WorkersDB (WorkersDB.java:123) - getEmployeeInfo успешно выполнен!
INFO  2019-04-26 12:15:48 [main] ru.geekbrains.krok.workers.database.WorkersDB (WorkersDB.java:98) - addToJsonFromDataBase успешно выполнен!
INFO  2019-04-26 12:16:27 [main] ru.geekbrains.krok.workers.database.WorkersDB (WorkersDB.java:123) - getEmployeeInfo успешно выполнен!
ERROR 2019-04-26 12:16:27 [main] ru.geekbrains.krok.workers.database.WorkersDB (WorkersDB.java:100) - addToJsonFromDataBase завершился с ошибкой! com.fasterxml.jackson.databind.exc.MismatchedInputException: Cannot deserialize instance of `ru.geekbrains.krok.workers.workersEntities.Workers` out of START_ARRAY token
 at [Source: (File); line: 1, column: 1]
INFO  2019-04-26 12:20:40 [main] ru.geekbrains.krok.workers.database.WorkersDB (WorkersDB.java:30) - Подключение создано успешно!
INFO  2019-04-26 12:20:58 [main] ru.geekbrains.krok.workers.database.WorkersDB (WorkersDB.java:123) - getEmployeeInfo успешно выполнен!
ERROR 2019-04-26 12:20:59 [main] ru.geekbrains.krok.workers.database.WorkersDB (WorkersDB.java:100) - addToJsonFromDataBase завершился с ошибкой! com.fasterxml.jackson.databind.exc.MismatchedInputException: Cannot deserialize instance of `int` out of START_OBJECT token
 at [Source: (File); line: 1, column: 2] (through reference chain: ru.geekbrains.krok.workers.workersEntities.Workers["id"])
INFO  2019-04-26 12:30:11 [main] ru.geekbrains.krok.workers.database.WorkersDB (WorkersDB.java:30) - Подключение создано успешно!
INFO  2019-04-26 12:33:55 [main] ru.geekbrains.krok.workers.database.WorkersDB (WorkersDB.java:30) - Подключение создано успешно!
INFO  2019-04-26 12:40:32 [main] ru.geekbrains.krok.workers.database.WorkersDB (WorkersDB.java:30) - Подключение создано успешно!
INFO  2019-04-26 12:40:34 [main] ru.geekbrains.krok.workers.database.WorkersDB (WorkersDB.java:90) - addToDataBaseFromJson успешно выполнен!
INFO  2019-04-26 12:40:41 [main] ru.geekbrains.krok.workers.database.WorkersDB (WorkersDB.java:132) - getEmployeeInfo успешно выполнен!
INFO  2019-04-26 12:43:53 [main] ru.geekbrains.krok.workers.database.WorkersDB (WorkersDB.java:30) - Подключение создано успешно!
INFO  2019-04-26 12:43:55 [main] ru.geekbrains.krok.workers.database.WorkersDB (WorkersDB.java:154) - getGetAvgSalaryForAll успешно выполнен!
INFO  2019-04-26 12:45:11 [main] ru.geekbrains.krok.workers.database.WorkersDB (WorkersDB.java:30) - Подключение создано успешно!
INFO  2019-04-26 12:45:23 [main] ru.geekbrains.krok.workers.database.WorkersDB (WorkersDB.java:90) - addToDataBaseFromJson успешно выполнен!
INFO  2019-04-26 12:45:37 [main] ru.geekbrains.krok.workers.database.WorkersDB (WorkersDB.java:132) - getEmployeeInfo успешно выполнен!
INFO  2019-04-26 12:53:23 [main] ru.geekbrains.krok.workers.database.WorkersDB (WorkersDB.java:34) - Подключение создано успешно!
INFO  2019-04-26 12:53:29 [main] ru.geekbrains.krok.workers.database.WorkersDB (WorkersDB.java:137) - getEmployeeInfo успешно выполнен!
INFO  2019-04-26 12:53:29 [main] ru.geekbrains.krok.workers.database.WorkersDB (WorkersDB.java:34) - Подключение создано успешно!
INFO  2019-04-26 12:53:39 [main] ru.geekbrains.krok.workers.database.WorkersDB (WorkersDB.java:137) - getEmployeeInfo успешно выполнен!
INFO  2019-04-26 12:53:39 [main] ru.geekbrains.krok.workers.database.WorkersDB (WorkersDB.java:112) - addToJsonFromDataBase успешно выполнен!
INFO  2019-04-26 12:53:39 [main] ru.geekbrains.krok.workers.database.WorkersDB (WorkersDB.java:34) - Подключение создано успешно!
INFO  2019-04-26 13:05:34 [main] ru.geekbrains.krok.workers.database.WorkersDB (WorkersDB.java:34) - Подключение создано успешно!
INFO  2019-04-26 13:05:37 [main] ru.geekbrains.krok.workers.database.WorkersDB (WorkersDB.java:53) - addEmployee успешно выполнен!
INFO  2019-04-26 13:05:37 [main] ru.geekbrains.krok.workers.database.WorkersDB (WorkersDB.java:94) - addToDataBaseFromJson успешно выполнен!
INFO  2019-04-26 13:05:37 [main] ru.geekbrains.krok.workers.database.WorkersDB (WorkersDB.java:34) - Подключение создано успешно!
INFO  2019-04-26 13:29:49 [main] ru.geekbrains.krok.workers.database.WorkersDB (WorkersDB.java:34) - Подключение создано успешно!
ERROR 2019-04-26 13:29:52 [main] ru.geekbrains.krok.workers.database.WorkersDB (WorkersDB.java:98) - addToDataBaseFromJson завершился с ошибкой! com.fasterxml.jackson.databind.exc.MismatchedInputException: Cannot deserialize instance of `ru.geekbrains.krok.workers.workersEntities.Workers` out of START_ARRAY token
 at [Source: (File); line: 1, column: 1]
INFO  2019-04-26 13:29:52 [main] ru.geekbrains.krok.workers.database.WorkersDB (WorkersDB.java:34) - Подключение создано успешно!
ERROR 2019-04-26 13:30:04 [main] ru.geekbrains.krok.workers.database.WorkersDB (WorkersDB.java:98) - addToDataBaseFromJson завершился с ошибкой! com.fasterxml.jackson.databind.exc.MismatchedInputException: Cannot deserialize instance of `ru.geekbrains.krok.workers.workersEntities.Workers` out of START_ARRAY token
 at [Source: (File); line: 1, column: 1]
INFO  2019-04-26 13:30:04 [main] ru.geekbrains.krok.workers.database.WorkersDB (WorkersDB.java:34) - Подключение создано успешно!
ERROR 2019-04-26 13:30:14 [main] ru.geekbrains.krok.workers.database.WorkersDB (WorkersDB.java:98) - addToDataBaseFromJson завершился с ошибкой! com.fasterxml.jackson.databind.exc.MismatchedInputException: Cannot deserialize instance of `ru.geekbrains.krok.workers.workersEntities.Workers` out of START_ARRAY token
 at [Source: (File); line: 1, column: 1]
INFO  2019-04-26 13:30:14 [main] ru.geekbrains.krok.workers.database.WorkersDB (WorkersDB.java:34) - Подключение создано успешно!
INFO  2019-04-26 13:32:42 [main] ru.geekbrains.krok.workers.database.WorkersDB (WorkersDB.java:34) - Подключение создано успешно!
INFO  2019-04-26 13:32:43 [main] ru.geekbrains.krok.workers.database.WorkersDB (WorkersDB.java:34) - Подключение создано успешно!
ERROR 2019-04-26 13:32:46 [main] ru.geekbrains.krok.workers.database.WorkersDB (WorkersDB.java:98) - addToDataBaseFromJson завершился с ошибкой! com.fasterxml.jackson.core.JsonParseException: Unexpected character ('{' (code 123)): was expecting double-quote to start field name
 at [Source: (File); line: 1, column: 4]
INFO  2019-04-26 13:32:46 [main] ru.geekbrains.krok.workers.database.WorkersDB (WorkersDB.java:34) - Подключение создано успешно!
INFO  2019-04-26 13:39:46 [main] ru.geekbrains.krok.workers.database.WorkersDB (WorkersDB.java:36) - Подключение создано успешно!
INFO  2019-04-26 13:39:49 [main] ru.geekbrains.krok.workers.database.WorkersDB (WorkersDB.java:98) - addToDataBaseFromJson успешно выполнен!
INFO  2019-04-26 13:39:49 [main] ru.geekbrains.krok.workers.database.WorkersDB (WorkersDB.java:36) - Подключение создано успешно!
INFO  2019-04-26 13:43:23 [main] ru.geekbrains.krok.workers.database.WorkersDB (WorkersDB.java:36) - Подключение создано успешно!
INFO  2019-04-26 13:43:26 [main] ru.geekbrains.krok.workers.database.WorkersDB (WorkersDB.java:105) - addToDataBaseFromJson успешно выполнен!
INFO  2019-04-26 13:43:26 [main] ru.geekbrains.krok.workers.database.WorkersDB (WorkersDB.java:36) - Подключение создано успешно!
INFO  2019-04-26 13:48:38 [main] ru.geekbrains.krok.workers.database.WorkersDB (WorkersDB.java:36) - Подключение создано успешно!
INFO  2019-04-26 13:48:42 [main] ru.geekbrains.krok.workers.database.WorkersDB (WorkersDB.java:106) - addToDataBaseFromJson успешно выполнен!
INFO  2019-04-26 13:48:42 [main] ru.geekbrains.krok.workers.database.WorkersDB (WorkersDB.java:36) - Подключение создано успешно!
INFO  2019-04-26 13:54:13 [main] ru.geekbrains.krok.workers.database.WorkersDB (WorkersDB.java:36) - Подключение создано успешно!
INFO  2019-04-26 13:54:14 [main] ru.geekbrains.krok.workers.database.WorkersDB (WorkersDB.java:107) - addToDataBaseFromJson успешно выполнен!
INFO  2019-04-26 13:54:14 [main] ru.geekbrains.krok.workers.database.WorkersDB (WorkersDB.java:36) - Подключение создано успешно!
INFO  2019-04-26 13:54:37 [main] ru.geekbrains.krok.workers.database.WorkersDB (WorkersDB.java:36) - Подключение создано успешно!
INFO  2019-04-26 13:54:37 [main] ru.geekbrains.krok.workers.database.WorkersDB (WorkersDB.java:36) - Подключение создано успешно!
INFO  2019-04-26 13:54:39 [main] ru.geekbrains.krok.workers.database.WorkersDB (WorkersDB.java:107) - addToDataBaseFromJson успешно выполнен!
INFO  2019-04-26 13:54:39 [main] ru.geekbrains.krok.workers.database.WorkersDB (WorkersDB.java:36) - Подключение создано успешно!
INFO  2019-04-26 14:28:09 [main] ru.geekbrains.krok.workers.database.WorkersDB (WorkersDB.java:35) - Подключение создано успешно!
INFO  2019-04-26 14:28:12 [main] ru.geekbrains.krok.workers.database.WorkersDB (WorkersDB.java:35) - Подключение создано успешно!
INFO  2019-04-26 14:28:21 [main] ru.geekbrains.krok.workers.database.WorkersDB (WorkersDB.java:35) - Подключение создано успешно!
INFO  2019-04-26 14:28:52 [main] ru.geekbrains.krok.workers.database.WorkersDB (WorkersDB.java:161) - getEmployeeInfo успешно выполнен!
INFO  2019-04-26 14:28:52 [main] ru.geekbrains.krok.workers.database.WorkersDB (WorkersDB.java:35) - Подключение создано успешно!
INFO  2019-04-26 14:28:59 [main] ru.geekbrains.krok.workers.database.WorkersDB (WorkersDB.java:35) - Подключение создано успешно!
INFO  2019-04-26 14:31:51 [main] ru.geekbrains.krok.workers.database.WorkersDB (WorkersDB.java:35) - Подключение создано успешно!
ERROR 2019-04-26 14:32:04 [main] ru.geekbrains.krok.workers.Main (Main.java:64) - Произошла ошибка! java.lang.ClassCastException: java.util.LinkedHashMap cannot be cast to ru.geekbrains.krok.workers.workersEntities.Workers
INFO  2019-04-26 14:32:04 [main] ru.geekbrains.krok.workers.database.WorkersDB (WorkersDB.java:35) - Подключение создано успешно!
INFO  2019-04-26 14:33:15 [main] ru.geekbrains.krok.workers.database.WorkersDB (WorkersDB.java:35) - Подключение создано успешно!
INFO  2019-04-26 14:33:16 [main] ru.geekbrains.krok.workers.database.WorkersDB (WorkersDB.java:105) - addToDataBaseFromJson успешно выполнен!
INFO  2019-04-26 14:33:16 [main] ru.geekbrains.krok.workers.database.WorkersDB (WorkersDB.java:35) - Подключение создано успешно!
INFO  2019-04-26 14:35:56 [main] ru.geekbrains.krok.workers.database.WorkersDB (WorkersDB.java:35) - Подключение создано успешно!
INFO  2019-04-26 14:35:59 [main] ru.geekbrains.krok.workers.database.WorkersDB (WorkersDB.java:54) - addEmployee успешно выполнен!
INFO  2019-04-26 14:35:59 [main] ru.geekbrains.krok.workers.database.WorkersDB (WorkersDB.java:54) - addEmployee успешно выполнен!
INFO  2019-04-26 14:35:59 [main] ru.geekbrains.krok.workers.database.WorkersDB (WorkersDB.java:96) - addToDataBaseFromJson успешно выполнен!
INFO  2019-04-26 14:35:59 [main] ru.geekbrains.krok.workers.database.WorkersDB (WorkersDB.java:35) - Подключение создано успешно!
INFO  2019-04-26 14:36:18 [main] ru.geekbrains.krok.workers.database.WorkersDB (WorkersDB.java:140) - getEmployeeInfo успешно выполнен!
INFO  2019-04-26 14:36:18 [main] ru.geekbrains.krok.workers.database.WorkersDB (WorkersDB.java:35) - Подключение создано успешно!
